<?xml version="1.0" encoding="UTF-8"?>
<testng-results skipped="0" failed="0" ignored="0" total="1" passed="1">
  <reporter-output>
  </reporter-output>
  <suite name="Default suite" duration-ms="52" started-at="2019-04-27T06:57:56Z" finished-at="2019-04-27T06:57:56Z">
    <groups>
    </groups>
    <test name="Default test" duration-ms="52" started-at="2019-04-27T06:57:56Z" finished-at="2019-04-27T06:57:56Z">
      <class name="JavaPrograms.Frequently_Asked_Programs">
        <test-method status="PASS" signature="pallendrome()[pri:0, instance:JavaPrograms.Frequently_Asked_Programs@224edc67]" name="pallendrome" duration-ms="15" started-at="2019-04-27T06:57:56Z" finished-at="2019-04-27T06:57:56Z">
          <reporter-output>
          </reporter-output>
        </test-method> <!-- pallendrome -->
      </class> <!-- JavaPrograms.Frequently_Asked_Programs -->
    </test> <!-- Default test -->
  </suite> <!-- Default suite -->
</testng-results>
